<?xml version="1.0" encoding="UTF-8"?>
<!-- Generated by org.testng.reporters.JUnitXMLReporter -->
<testsuite ignored="0" hostname="DESKTOP-QPSOJBA" failures="0" tests="7" name="Regression" time="0.126" errors="0" timestamp="02 Jun 2020 19:01:29 GMT">
  <testcase classname="MavenDemoTest.Test1.TestLogin001" name="@BeforeMethod initialize" time="0.034">
    <failure type="java.lang.NullPointerException">
      <![CDATA[java.lang.NullPointerException
at java.base/java.util.Objects.requireNonNull(Objects.java:222)
at org.openqa.selenium.support.ui.FluentWait.<init>(FluentWait.java:106)
at org.openqa.selenium.support.ui.WebDriverWait.<init>(WebDriverWait.java:85)
at org.openqa.selenium.support.ui.WebDriverWait.<init>(WebDriverWait.java:45)
at MavenDemoTest.Test1.LoginPage.<init>(LoginPage.java:27)
at MavenDemoTest.Test1.TestLogin001.initialize(TestLogin001.java:28)
... Removed 28 stack frames]]>
    </failure>
  </testcase> <!-- @BeforeMethod initialize -->
  <testcase classname="MavenDemoTest.Test1.TestLogin001" name="@BeforeMethod initialize" time="0.0">
    <skipped/>
  </testcase> <!-- @BeforeMethod initialize -->
  <testcase classname="MavenDemoTest.Test1.TestLogin001" name="@BeforeMethod initialize" time="0.0">
    <skipped/>
  </testcase> <!-- @BeforeMethod initialize -->
  <testcase classname="MavenDemoTest.Test1.TestLogin001" name="@BeforeMethod initialize" time="0.0">
    <skipped/>
  </testcase> <!-- @BeforeMethod initialize -->
  <testcase classname="MavenDemoTest.Test1.TestLogin001" name="@BeforeMethod initialize" time="0.0">
    <skipped/>
  </testcase> <!-- @BeforeMethod initialize -->
  <testcase classname="MavenDemoTest.Test1.TestLogin001" name="@BeforeMethod initialize" time="0.0">
    <skipped/>
  </testcase> <!-- @BeforeMethod initialize -->
  <testcase classname="MavenDemoTest.Test1.TestLogin001" name="@BeforeMethod initialize" time="0.0">
    <skipped/>
  </testcase> <!-- @BeforeMethod initialize -->
  <testcase classname="MavenDemoTest.Test1.TestLogin001" name="AlaunchBrowser" time="0.0">
    <skipped/>
  </testcase> <!-- AlaunchBrowser -->
  <testcase classname="MavenDemoTest.Test1.TestLogin001" name="BgetURL" time="0.0">
    <skipped/>
  </testcase> <!-- BgetURL -->
  <testcase classname="MavenDemoTest.Test1.TestLogin001" name="Clogin" time="0.0">
    <skipped/>
  </testcase> <!-- Clogin -->
  <testcase classname="MavenDemoTest.Test1.TestLogin001" name="Clogin" time="0.0">
    <skipped/>
  </testcase> <!-- Clogin -->
  <testcase classname="MavenDemoTest.Test1.TestLogin001" name="Clogin" time="0.0">
    <skipped/>
  </testcase> <!-- Clogin -->
  <testcase classname="MavenDemoTest.Test1.TestLogin001" name="EselectCity" time="0.0">
    <skipped/>
  </testcase> <!-- EselectCity -->
  <testcase classname="MavenDemoTest.Test1.TestLogin001" name="FcloseBooking" time="0.0">
    <skipped/>
  </testcase> <!-- FcloseBooking -->
</testsuite> <!-- Regression -->
