<?xml version="1.0" encoding="UTF-8"?>
<testng-results ignored="0" total="1" passed="1" failed="0" skipped="0">
  <reporter-output>
  </reporter-output>
  <suite started-at="2020-06-22T06:35:50Z" name="Command line suite" finished-at="2020-06-22T06:35:50Z" duration-ms="204">
    <groups>
    </groups>
    <test started-at="2020-06-22T06:35:50Z" name="Command line test" finished-at="2020-06-22T06:35:50Z" duration-ms="204">
      <class name="MavenDemoTest.Test1.AppTest">
        <test-method signature="testApp()[pri:0, instance:testApp(MavenDemoTest.Test1.AppTest)]" started-at="2020-06-22T06:35:50Z" name="testApp" finished-at="2020-06-22T06:35:50Z" duration-ms="5" status="PASS">
          <reporter-output>
          </reporter-output>
        </test-method> <!-- testApp -->
      </class> <!-- MavenDemoTest.Test1.AppTest -->
    </test> <!-- Command line test -->
  </suite> <!-- Command line suite -->
</testng-results>
